<?xml version="1.0" encoding="UTF-8"?>
<!-- Generated by org.testng.reporters.JUnitXMLReporter -->
<testsuite hostname="gaoyuandeMacBook-Pro.local" ignored="0" name="Default test" tests="3" failures="0" timestamp="01 Oct 2018 18:23:04 GMT" time="2.903" errors="0">
  <testcase name="TestWithOnlyJsonPath" time="2.473" classname="RestAPI.Testing.users.PracticeJacksonLibary"/>
  <testcase name="databindTest" time="0.375" classname="RestAPI.Testing.users.PracticeJacksonLibary"/>
  <testcase name="databindTestWithCollection" time="0.021" classname="RestAPI.Testing.users.PracticeJacksonLibary"/>
</testsuite> <!-- Default test -->
