<?xml version="1.0" encoding="UTF-8"?>
<testng-results skipped="0" failed="0" ignored="0" total="3" passed="3">
  <reporter-output>
  </reporter-output>
  <suite name="Default suite" duration-ms="2903" started-at="2018-10-01T18:23:01Z" finished-at="2018-10-01T18:23:04Z">
    <groups>
    </groups>
    <test name="Default test" duration-ms="2903" started-at="2018-10-01T18:23:01Z" finished-at="2018-10-01T18:23:04Z">
      <class name="RestAPI.Testing.users.PracticeJacksonLibary">
        <test-method status="PASS" signature="TestWithOnlyJsonPath()[pri:0, instance:RestAPI.Testing.users.PracticeJacksonLibary@224edc67]" name="TestWithOnlyJsonPath" duration-ms="2473" started-at="2018-10-01T18:23:01Z" finished-at="2018-10-01T18:23:04Z">
          <reporter-output>
          </reporter-output>
        </test-method> <!-- TestWithOnlyJsonPath -->
        <test-method status="PASS" signature="databindTest()[pri:0, instance:RestAPI.Testing.users.PracticeJacksonLibary@224edc67]" name="databindTest" duration-ms="375" started-at="2018-10-01T18:23:04Z" finished-at="2018-10-01T18:23:04Z">
          <reporter-output>
          </reporter-output>
        </test-method> <!-- databindTest -->
        <test-method status="PASS" signature="databindTestWithCollection()[pri:0, instance:RestAPI.Testing.users.PracticeJacksonLibary@224edc67]" name="databindTestWithCollection" duration-ms="21" started-at="2018-10-01T18:23:04Z" finished-at="2018-10-01T18:23:04Z">
          <reporter-output>
          </reporter-output>
        </test-method> <!-- databindTestWithCollection -->
      </class> <!-- RestAPI.Testing.users.PracticeJacksonLibary -->
    </test> <!-- Default test -->
  </suite> <!-- Default suite -->
</testng-results>
